# JRE version: 6.0_32-b32
# Java VM: OpenJDK Server VM (23.25-b01 mixed mode, sharing linux-x86 )
Heap
 def new generation   total 4800K, used 3131K [0x6a040000, 0x6a570000, 0x74790000)
  eden space 4288K,  61% used [0x6a040000, 0x6a2cedb0, 0x6a470000)
  from space 512K, 100% used [0x6a470000, 0x6a4f0000, 0x6a4f0000)
  to   space 512K,   0% used [0x6a4f0000, 0x6a4f0000, 0x6a570000)
 tenured generation   total 10752K, used 2073K [0x74790000, 0x75210000, 0x89640000)
   the space 10752K,  19% used [0x74790000, 0x74996688, 0x74996800, 0x75210000)
 compacting perm gen  total 16384K, used 1703K [0x89640000, 0x8a640000, 0x91640000)
   the space 16384K,  10% used [0x89640000, 0x897e9fa8, 0x897ea000, 0x8a640000)
    ro space 10240K,  56% used [0x91640000, 0x91bdd4c8, 0x91bdd600, 0x92040000)
    rw space 12288K,  62% used [0x92040000, 0x927cc2b0, 0x927cc400, 0x92c40000)
GC Heap History (4 events):
Event: 0.669 GC heap before
{Heap before GC invocations=0 (full 0):
 def new generation   total 4800K, used 4283K [0x6a040000, 0x6a570000, 0x74790000)
  eden space 4288K,  99% used [0x6a040000, 0x6a46ee38, 0x6a470000)
  from space 512K,   0% used [0x6a470000, 0x6a470000, 0x6a4f0000)
  to   space 512K,   0% used [0x6a4f0000, 0x6a4f0000, 0x6a570000)
 tenured generation   total 10752K, used 0K [0x74790000, 0x75210000, 0x89640000)
   the space 10752K,   0% used [0x74790000, 0x74790000, 0x74790200, 0x75210000)
 compacting perm gen  total 16384K, used 1604K [0x89640000, 0x8a640000, 0x91640000)
   the space 16384K,   9% used [0x89640000, 0x897d10e8, 0x897d1200, 0x8a640000)
    ro space 10240K,  56% used [0x91640000, 0x91bdd4c8, 0x91bdd600, 0x92040000)
    rw space 12288K,  62% used [0x92040000, 0x927cc2b0, 0x927cc400, 0x92c40000)
Event: 0.672 GC heap after
Heap after GC invocations=1 (full 0):
 def new generation   total 4800K, used 512K [0x6a040000, 0x6a570000, 0x74790000)
  eden space 4288K,   0% used [0x6a040000, 0x6a040000, 0x6a470000)
  from space 512K, 100% used [0x6a4f0000, 0x6a570000, 0x6a570000)
  to   space 512K,   0% used [0x6a470000, 0x6a470000, 0x6a4f0000)
 tenured generation   total 10752K, used 300K [0x74790000, 0x75210000, 0x89640000)
   the space 10752K,   2% used [0x74790000, 0x747db3b8, 0x747db400, 0x75210000)
 compacting perm gen  total 16384K, used 1604K [0x89640000, 0x8a640000, 0x91640000)
   the space 16384K,   9% used [0x89640000, 0x897d10e8, 0x897d1200, 0x8a640000)
    ro space 10240K,  56% used [0x91640000, 0x91bdd4c8, 0x91bdd600, 0x92040000)
    rw space 12288K,  62% used [0x92040000, 0x927cc2b0, 0x927cc400, 0x92c40000)
}
Event: 1.342 GC heap before
{Heap before GC invocations=1 (full 0):
 def new generation   total 4800K, used 4800K [0x6a040000, 0x6a570000, 0x74790000)
  eden space 4288K, 100% used [0x6a040000, 0x6a470000, 0x6a470000)
  from space 512K, 100% used [0x6a4f0000, 0x6a570000, 0x6a570000)
  to   space 512K,   0% used [0x6a470000, 0x6a470000, 0x6a4f0000)
 tenured generation   total 10752K, used 300K [0x74790000, 0x75210000, 0x89640000)
   the space 10752K,   2% used [0x74790000, 0x747db3b8, 0x747db400, 0x75210000)
 compacting perm gen  total 16384K, used 1688K [0x89640000, 0x8a640000, 0x91640000)
   the space 16384K,  10% used [0x89640000, 0x897e6198, 0x897e6200, 0x8a640000)
    ro space 10240K,  56% used [0x91640000, 0x91bdd4c8, 0x91bdd600, 0x92040000)
    rw space 12288K,  62% used [0x92040000, 0x927cc2b0, 0x927cc400, 0x92c40000)
Event: 1.357 GC heap after
Heap after GC invocations=2 (full 0):
 def new generation   total 4800K, used 512K [0x6a040000, 0x6a570000, 0x74790000)
  eden space 4288K,   0% used [0x6a040000, 0x6a040000, 0x6a470000)
  from space 512K, 100% used [0x6a470000, 0x6a4f0000, 0x6a4f0000)
  to   space 512K,   0% used [0x6a4f0000, 0x6a4f0000, 0x6a570000)
 tenured generation   total 10752K, used 2073K [0x74790000, 0x75210000, 0x89640000)
   the space 10752K,  19% used [0x74790000, 0x74996688, 0x74996800, 0x75210000)
 compacting perm gen  total 16384K, used 1688K [0x89640000, 0x8a640000, 0x91640000)
   the space 16384K,  10% used [0x89640000, 0x897e6198, 0x897e6200, 0x8a640000)
    ro space 10240K,  56% used [0x91640000, 0x91bdd4c8, 0x91bdd600, 0x92040000)
    rw space 12288K,  62% used [0x92040000, 0x927cc2b0, 0x927cc400, 0x92c40000)
}

